<?xml version="1.0" encoding="UTF-8"?>
<testng-results ignored="0" total="4" passed="4" failed="0" skipped="0">
  <reporter-output>
  </reporter-output>
  <suite started-at="2026-01-16T16:53:47 TRT" name="Surefire suite" finished-at="2026-01-16T16:54:01 TRT" duration-ms="13807">
    <groups>
      <group name="cucumber">
        <method signature="AbstractTestNGCucumberTests.runScenario(io.cucumber.testng.PickleWrapper,io.cucumber.testng.FeatureWrapper)[pri:0, instance:com.shiftup.runners.TestRunner@6f2cfcc2]" name="runScenario" class="io.cucumber.testng.AbstractTestNGCucumberTests"/>
      </group> <!-- cucumber -->
    </groups>
    <test started-at="2026-01-16T16:53:47 TRT" name="Surefire test" finished-at="2026-01-16T16:54:01 TRT" duration-ms="13807">
      <class name="com.shiftup.runners.TestRunner">
        <test-method is-config="true" signature="setUpClass(org.testng.ITestContext)[pri:0, instance:com.shiftup.runners.TestRunner@6f2cfcc2]" started-at="2026-01-16T16:53:47 TRT" name="setUpClass" finished-at="2026-01-16T16:53:48 TRT" duration-ms="969" status="PASS">
          <params>
            <param index="0">
              <value>
                <![CDATA[org.testng.TestRunner@50fe837a]]>
              </value>
            </param>
          </params>
          <reporter-output>
          </reporter-output>
        </test-method> <!-- setUpClass -->
        <test-method signature="runScenario(io.cucumber.testng.PickleWrapper,io.cucumber.testng.FeatureWrapper)[pri:0, instance:com.shiftup.runners.TestRunner@6f2cfcc2]" started-at="2026-01-16T16:53:48 TRT" name="runScenario" description="Runs Cucumber Scenarios" data-provider="scenarios" finished-at="2026-01-16T16:53:52 TRT" duration-ms="3420" status="PASS">
          <params>
            <param index="0">
              <value>
                <![CDATA["Google anasayfa baslik dogrulama"]]>
              </value>
            </param>
            <param index="1">
              <value>
                <![CDATA["Google Testleri"]]>
              </value>
            </param>
          </params>
          <reporter-output>
          </reporter-output>
        </test-method> <!-- runScenario -->
        <test-method signature="runScenario(io.cucumber.testng.PickleWrapper,io.cucumber.testng.FeatureWrapper)[pri:0, instance:com.shiftup.runners.TestRunner@6f2cfcc2]" started-at="2026-01-16T16:53:52 TRT" name="runScenario" description="Runs Cucumber Scenarios" data-provider="scenarios" finished-at="2026-01-16T16:53:55 TRT" duration-ms="3132" status="PASS">
          <params>
            <param index="0">
              <value>
                <![CDATA["Google anasayfa baslik dogrulama"]]>
              </value>
            </param>
            <param index="1">
              <value>
                <![CDATA["Google Testleri"]]>
              </value>
            </param>
          </params>
          <reporter-output>
          </reporter-output>
        </test-method> <!-- runScenario -->
        <test-method signature="runScenario(io.cucumber.testng.PickleWrapper,io.cucumber.testng.FeatureWrapper)[pri:0, instance:com.shiftup.runners.TestRunner@6f2cfcc2]" started-at="2026-01-16T16:53:55 TRT" name="runScenario" description="Runs Cucumber Scenarios" data-provider="scenarios" finished-at="2026-01-16T16:53:58 TRT" duration-ms="2807" status="PASS">
          <params>
            <param index="0">
              <value>
                <![CDATA["Google anasayfa baslik dogrulama"]]>
              </value>
            </param>
            <param index="1">
              <value>
                <![CDATA["Google Testleri"]]>
              </value>
            </param>
          </params>
          <reporter-output>
          </reporter-output>
        </test-method> <!-- runScenario -->
        <test-method signature="runScenario(io.cucumber.testng.PickleWrapper,io.cucumber.testng.FeatureWrapper)[pri:0, instance:com.shiftup.runners.TestRunner@6f2cfcc2]" started-at="2026-01-16T16:53:58 TRT" name="runScenario" description="Runs Cucumber Scenarios" data-provider="scenarios" finished-at="2026-01-16T16:54:01 TRT" duration-ms="3330" status="PASS">
          <params>
            <param index="0">
              <value>
                <![CDATA["Google anasayfa baslik dogrulama"]]>
              </value>
            </param>
            <param index="1">
              <value>
                <![CDATA["Google Testleri"]]>
              </value>
            </param>
          </params>
          <reporter-output>
          </reporter-output>
        </test-method> <!-- runScenario -->
        <test-method is-config="true" signature="tearDownClass()[pri:0, instance:com.shiftup.runners.TestRunner@6f2cfcc2]" started-at="2026-01-16T16:54:01 TRT" name="tearDownClass" finished-at="2026-01-16T16:54:01 TRT" duration-ms="96" status="PASS">
          <reporter-output>
          </reporter-output>
        </test-method> <!-- tearDownClass -->
      </class> <!-- com.shiftup.runners.TestRunner -->
    </test> <!-- Surefire test -->
  </suite> <!-- Surefire suite -->
</testng-results>
