<?xml version="1.0" encoding="UTF-8"?>
<testsuite xmlns:xsi="http://www.w3.org/2001/XMLSchema-instance" xsi:noNamespaceSchemaLocation="https://maven.apache.org/surefire/maven-surefire-plugin/xsd/surefire-test-report.xsd" version="3.0.2" name="com.shiftup.runners.TestRunner" time="14.212" tests="4" errors="0" skipped="0" failures="0">
  <properties>
[...]
</properties>
  <testcase name="runScenario[&quot;Google anasayfa baslik dogrulama&quot;, &quot;Google Testleri&quot;](1)" classname="com.shiftup.runners.TestRunner" time="3.421">
    <system-out><![CDATA[
@google
Scenario: Google anasayfa baslik dogrulama         &amp#27;[90m# src/test/resources/features/google.feature:4&amp#27;[0m
Test Başlıyor
  &amp#27;[32mGiven &amp#27;[0m&amp#27;[32mkullanici google anasayfasina gider&amp#27;[0m        &amp#27;[90m# com.shiftup.step_definitions.GoogleStepDefs.kullanici_google_anasayfasina_gider()&amp#27;[0m
  &amp#27;[32mThen &amp#27;[0m&amp#27;[32msayfa basliginin &amp#27;[0m&amp#27;[32m&amp#27;[1m"Google"&amp#27;[0m&amp#27;[32m oldugunu dogrular&amp#27;[0m &amp#27;[90m# com.shiftup.step_definitions.GoogleStepDefs.sayfa_basliginin_oldugunu_dogrular(java.lang.String)&amp#27;[0m
]]></system-out>
    <system-err><![CDATA[SLF4J: Failed to load class "org.slf4j.impl.StaticLoggerBinder".
SLF4J: Defaulting to no-operation (NOP) logger implementation
SLF4J: See http://www.slf4j.org/codes.html#StaticLoggerBinder for further details.
Oca 16, 2026 4:53:50 ÖS org.openqa.selenium.devtools.CdpVersionFinder findNearestMatch
WARNING: Unable to find CDP implementation matching 143
Oca 16, 2026 4:53:50 ÖS org.openqa.selenium.chromium.ChromiumDriver lambda$new$4
WARNING: Unable to find version of CDP to use for 143.0.7499.193. You may need to include a dependency on a specific version of the CDP using something similar to `org.seleniumhq.selenium:selenium-devtools-v86:4.34.0` where the version ("v86") matches the version of the chromium-based browser you're using and the version number of the artifact is the same as Selenium's.
]]></system-err>
  </testcase>
  <testcase name="runScenario[&quot;Google anasayfa baslik dogrulama&quot;, &quot;Google Testleri&quot;](2)" classname="com.shiftup.runners.TestRunner" time="3.13">
    <system-out><![CDATA[
@google
Scenario: Google anasayfa baslik dogrulama         &amp#27;[90m# src/test/resources/features/google.feature:10&amp#27;[0m
Test Başlıyor
  &amp#27;[32mGiven &amp#27;[0m&amp#27;[32mkullanici google anasayfasina gider&amp#27;[0m        &amp#27;[90m# com.shiftup.step_definitions.GoogleStepDefs.kullanici_google_anasayfasina_gider()&amp#27;[0m
  &amp#27;[32mThen &amp#27;[0m&amp#27;[32msayfa basliginin &amp#27;[0m&amp#27;[32m&amp#27;[1m"Google"&amp#27;[0m&amp#27;[32m oldugunu dogrular&amp#27;[0m &amp#27;[90m# com.shiftup.step_definitions.GoogleStepDefs.sayfa_basliginin_oldugunu_dogrular(java.lang.String)&amp#27;[0m
]]></system-out>
    <system-err><![CDATA[Oca 16, 2026 4:53:53 ÖS org.openqa.selenium.devtools.CdpVersionFinder findNearestMatch
WARNING: Unable to find CDP implementation matching 143
Oca 16, 2026 4:53:53 ÖS org.openqa.selenium.chromium.ChromiumDriver lambda$new$4
WARNING: Unable to find version of CDP to use for 143.0.7499.193. You may need to include a dependency on a specific version of the CDP using something similar to `org.seleniumhq.selenium:selenium-devtools-v86:4.34.0` where the version ("v86") matches the version of the chromium-based browser you're using and the version number of the artifact is the same as Selenium's.
]]></system-err>
  </testcase>
  <testcase name="runScenario[&quot;Google anasayfa baslik dogrulama&quot;, &quot;Google Testleri&quot;](3)" classname="com.shiftup.runners.TestRunner" time="2.805">
    <system-out><![CDATA[
@google
Scenario: Google anasayfa baslik dogrulama         &amp#27;[90m# src/test/resources/features/google.feature:16&amp#27;[0m
Test Başlıyor
  &amp#27;[32mGiven &amp#27;[0m&amp#27;[32mkullanici google anasayfasina gider&amp#27;[0m        &amp#27;[90m# com.shiftup.step_definitions.GoogleStepDefs.kullanici_google_anasayfasina_gider()&amp#27;[0m
  &amp#27;[32mThen &amp#27;[0m&amp#27;[32msayfa basliginin &amp#27;[0m&amp#27;[32m&amp#27;[1m"Google"&amp#27;[0m&amp#27;[32m oldugunu dogrular&amp#27;[0m &amp#27;[90m# com.shiftup.step_definitions.GoogleStepDefs.sayfa_basliginin_oldugunu_dogrular(java.lang.String)&amp#27;[0m
]]></system-out>
    <system-err><![CDATA[Oca 16, 2026 4:53:56 ÖS org.openqa.selenium.devtools.CdpVersionFinder findNearestMatch
WARNING: Unable to find CDP implementation matching 143
Oca 16, 2026 4:53:56 ÖS org.openqa.selenium.chromium.ChromiumDriver lambda$new$4
WARNING: Unable to find version of CDP to use for 143.0.7499.193. You may need to include a dependency on a specific version of the CDP using something similar to `org.seleniumhq.selenium:selenium-devtools-v86:4.34.0` where the version ("v86") matches the version of the chromium-based browser you're using and the version number of the artifact is the same as Selenium's.
]]></system-err>
  </testcase>
  <testcase name="runScenario[&quot;Google anasayfa baslik dogrulama&quot;, &quot;Google Testleri&quot;](4)" classname="com.shiftup.runners.TestRunner" time="3.331">
    <system-out><![CDATA[
@google
Scenario: Google anasayfa baslik dogrulama         &amp#27;[90m# src/test/resources/features/google.feature:22&amp#27;[0m
Test Başlıyor
  &amp#27;[32mGiven &amp#27;[0m&amp#27;[32mkullanici google anasayfasina gider&amp#27;[0m        &amp#27;[90m# com.shiftup.step_definitions.GoogleStepDefs.kullanici_google_anasayfasina_gider()&amp#27;[0m
  &amp#27;[32mThen &amp#27;[0m&amp#27;[32msayfa basliginin &amp#27;[0m&amp#27;[32m&amp#27;[1m"Google"&amp#27;[0m&amp#27;[32m oldugunu dogrular&amp#27;[0m &amp#27;[90m# com.shiftup.step_definitions.GoogleStepDefs.sayfa_basliginin_oldugunu_dogrular(java.lang.String)&amp#27;[0m
]]></system-out>
    <system-err><![CDATA[Oca 16, 2026 4:53:58 ÖS org.openqa.selenium.devtools.CdpVersionFinder findNearestMatch
WARNING: Unable to find CDP implementation matching 143
Oca 16, 2026 4:53:58 ÖS org.openqa.selenium.chromium.ChromiumDriver lambda$new$4
WARNING: Unable to find version of CDP to use for 143.0.7499.193. You may need to include a dependency on a specific version of the CDP using something similar to `org.seleniumhq.selenium:selenium-devtools-v86:4.34.0` where the version ("v86") matches the version of the chromium-based browser you're using and the version number of the artifact is the same as Selenium's.
]]></system-err>
  </testcase>
</testsuite>