<?xml version="1.0" encoding="UTF-8"?>
<!-- Generated by org.testng.reporters.JUnitReportReporter -->
<testsuite hostname="LAPTOP-2R916507" failures="0" tests="4" name="com.shiftup.runners.TestRunner" time="12.689" errors="0" timestamp="2026-01-16T16:54:01 TRT" skipped="0">
  <testcase classname="com.shiftup.runners.TestRunner" name="runScenario" time="3.330"/>
  <testcase classname="com.shiftup.runners.TestRunner" name="runScenario" time="2.807"/>
  <testcase classname="com.shiftup.runners.TestRunner" name="runScenario" time="3.420"/>
  <testcase classname="com.shiftup.runners.TestRunner" name="runScenario" time="3.132"/>
</testsuite> <!-- com.shiftup.runners.TestRunner -->
